12-Jul-2015 12:50:25.250 WARNING [main] org.apache.tomcat.util.digester.SetPropertiesRule.begin [SetPropertiesRule]{Server/Service/Engine/Host/Valve} Setting property 'resolveHosts' to 'false' did not find a matching property.
12-Jul-2015 12:50:25.256 INFO [main] org.apache.catalina.core.AprLifecycleListener.lifecycleEvent The APR based Apache Tomcat Native library which allows optimal performance in production environments was not found on the java.library.path: C:\Program Files\Java\jdk1.8.0_45\jre\bin;C:\Windows\Sun\Java\bin;C:\Windows\system32;C:\Windows;C:\ProgramData\Oracle\Java\javapath;c:\Program Files (x86)\Intel\iCLS Client\;c:\Program Files\Intel\iCLS Client\;C:\Windows\system32;C:\Windows;C:\Windows\System32\Wbem;C:\Windows\System32\WindowsPowerShell\v1.0\;C:\Program Files\Intel\Intel(R) Management Engine Components\DAL;C:\Program Files\Intel\Intel(R) Management Engine Components\IPT;C:\Program Files (x86)\Intel\Intel(R) Management Engine Components\DAL;C:\Program Files (x86)\Intel\Intel(R) Management Engine Components\IPT;C:\Program Files\Intel\WiFi\bin\;C:\Program Files\Common Files\Intel\WirelessCommon\;C:\Program Files (x86)\Windows Live\Shared;C:\Program Files (x86)\NVIDIA Corporation\PhysX\Common;C:\Program Files (x86)\Common Files\Acronis\SnapAPI\;C:\Program Files\Mercurial\;C:\Program Files (x86)\MySQL\MySQL Fabric 1.5.4 & MySQL Utilities 1.5.4 1.5\;C:\Program Files (x86)\MySQL\MySQL Fabric 1.5.4 & MySQL Utilities 1.5.4 1.5\Doctrine extensions for PHP\;C:\Users\Karun\apache-maven-3.3.3\bin;C:\Program Files (x86)\Git\cmd;.
12-Jul-2015 12:50:25.569 INFO [main] org.apache.coyote.AbstractProtocol.init Initializing ProtocolHandler ["http-nio-8080"]
12-Jul-2015 12:50:25.666 INFO [main] org.apache.tomcat.util.net.NioSelectorPool.getSharedSelector Using a shared selector for servlet write/read
12-Jul-2015 12:50:25.670 INFO [main] org.apache.coyote.AbstractProtocol.init Initializing ProtocolHandler ["ajp-nio-8009"]
12-Jul-2015 12:50:25.678 INFO [main] org.apache.tomcat.util.net.NioSelectorPool.getSharedSelector Using a shared selector for servlet write/read
12-Jul-2015 12:50:25.678 INFO [main] org.apache.catalina.startup.Catalina.load Initialization processed in 1084 ms
12-Jul-2015 12:50:25.730 INFO [main] org.apache.catalina.core.StandardService.startInternal Starting service Catalina
12-Jul-2015 12:50:25.730 INFO [main] org.apache.catalina.core.StandardEngine.startInternal Starting Servlet Engine: Apache Tomcat/8.0.21
12-Jul-2015 12:50:25.769 INFO [localhost-startStop-1] org.apache.catalina.startup.HostConfig.deployWAR Deploying web application archive C:\Users\Karun\IdeaProjects\amhippo\target\tomcat8x\webapps\cargocpc.war
12-Jul-2015 12:50:26.391 INFO [localhost-startStop-1] org.apache.catalina.startup.HostConfig.deployWAR Deployment of web application archive C:\Users\Karun\IdeaProjects\amhippo\target\tomcat8x\webapps\cargocpc.war has finished in 622 ms
12-Jul-2015 12:50:26.392 INFO [localhost-startStop-1] org.apache.catalina.startup.HostConfig.deployWAR Deploying web application archive C:\Users\Karun\IdeaProjects\amhippo\target\tomcat8x\webapps\cms.war
12-Jul-2015 12:50:49.117 INFO [localhost-startStop-1] org.apache.catalina.startup.HostConfig.deployWAR Deployment of web application archive C:\Users\Karun\IdeaProjects\amhippo\target\tomcat8x\webapps\cms.war has finished in 22,725 ms
12-Jul-2015 12:50:49.118 INFO [localhost-startStop-1] org.apache.catalina.startup.HostConfig.deployWAR Deploying web application archive C:\Users\Karun\IdeaProjects\amhippo\target\tomcat8x\webapps\essentials.war
12-Jul-2015 12:51:01.972 INFO [localhost-startStop-1] org.apache.catalina.startup.HostConfig.deployWAR Deployment of web application archive C:\Users\Karun\IdeaProjects\amhippo\target\tomcat8x\webapps\essentials.war has finished in 12,854 ms
12-Jul-2015 12:51:01.975 INFO [localhost-startStop-1] org.apache.catalina.startup.HostConfig.deployWAR Deploying web application archive C:\Users\Karun\IdeaProjects\amhippo\target\tomcat8x\webapps\site.war
12-Jul-2015 12:51:01.980 INFO [localhost-startStop-1] org.apache.catalina.realm.JAASRealm.setUseContextClassLoader Setting useContextClassLoader = true
12-Jul-2015 12:51:10.641 INFO [localhost-startStop-1] org.apache.catalina.startup.HostConfig.deployWAR Deployment of web application archive C:\Users\Karun\IdeaProjects\amhippo\target\tomcat8x\webapps\site.war has finished in 8,666 ms
12-Jul-2015 12:51:10.644 INFO [localhost-startStop-1] org.apache.catalina.startup.HostConfig.deployDirectory Deploying web application directory C:\Users\Karun\IdeaProjects\amhippo\target\tomcat8x\webapps\host-manager
12-Jul-2015 12:51:10.728 INFO [localhost-startStop-1] org.apache.catalina.startup.HostConfig.deployDirectory Deployment of web application directory C:\Users\Karun\IdeaProjects\amhippo\target\tomcat8x\webapps\host-manager has finished in 85 ms
12-Jul-2015 12:51:10.728 INFO [localhost-startStop-1] org.apache.catalina.startup.HostConfig.deployDirectory Deploying web application directory C:\Users\Karun\IdeaProjects\amhippo\target\tomcat8x\webapps\manager
12-Jul-2015 12:51:10.827 INFO [localhost-startStop-1] org.apache.catalina.startup.HostConfig.deployDirectory Deployment of web application directory C:\Users\Karun\IdeaProjects\amhippo\target\tomcat8x\webapps\manager has finished in 91 ms
12-Jul-2015 12:51:10.857 INFO [main] org.apache.coyote.AbstractProtocol.start Starting ProtocolHandler ["http-nio-8080"]
12-Jul-2015 12:51:10.872 INFO [main] org.apache.coyote.AbstractProtocol.start Starting ProtocolHandler ["ajp-nio-8009"]
12-Jul-2015 12:51:10.877 INFO [main] org.apache.catalina.startup.Catalina.start Server startup in 45198 ms
