15.07.2015 22:26:06 WARN  localhost-startStop-1 [RepositoryServlet.parseInitParameters:143] Cannot determine the real path of the repository storage location, 'WEB-INF/storage'. Defaults to './repository_storage'
15.07.2015 22:26:06 WARN  localhost-startStop-1 [RepositoryLock.acquire:134] Existing lock file C:\Users\Karun\IdeaProjects\amhippo\storage\.lock detected. Repository was not shut down properly.
15.07.2015 23:09:33 ERROR http-nio-8080-exec-9 [ContentImportDialog.onOk:249] Error initializing content in '/content' : illegal node type name: amhippoproject:logoset
javax.jcr.InvalidSerializedDataException: illegal node type name: amhippoproject:logoset
	at org.onehippo.repository.xml.EnhancedSystemViewImportHandler$Property.setPrimaryType(EnhancedSystemViewImportHandler.java:426)
	at org.onehippo.repository.xml.EnhancedSystemViewImportHandler$Property.end(EnhancedSystemViewImportHandler.java:369)
	at org.onehippo.repository.xml.EnhancedSystemViewImportHandler$Property.access$600(EnhancedSystemViewImportHandler.java:319)
	at org.onehippo.repository.xml.EnhancedSystemViewImportHandler.endProperty(EnhancedSystemViewImportHandler.java:199)
	at org.onehippo.repository.xml.EnhancedSystemViewImportHandler.endElement(EnhancedSystemViewImportHandler.java:141)
	at org.onehippo.repository.xml.DefaultContentHandler.endElement(DefaultContentHandler.java:132)
	at org.apache.xerces.parsers.AbstractSAXParser.endElement(Unknown Source)
	at org.apache.xerces.impl.XMLNSDocumentScannerImpl.scanEndElement(Unknown Source)
	at org.apache.xerces.impl.XMLDocumentFragmentScannerImpl$FragmentContentDispatcher.dispatch(Unknown Source)
	at org.apache.xerces.impl.XMLDocumentFragmentScannerImpl.scanDocument(Unknown Source)
	at org.apache.xerces.parsers.XML11Configuration.parse(Unknown Source)
	at org.apache.xerces.parsers.XML11Configuration.parse(Unknown Source)
	at org.apache.xerces.parsers.XMLParser.parse(Unknown Source)
	at org.apache.xerces.parsers.AbstractSAXParser.parse(Unknown Source)
	at org.apache.xerces.jaxp.SAXParserImpl$JAXPSAXParser.parse(Unknown Source)
	at org.apache.xerces.jaxp.SAXParserImpl.parse(Unknown Source)
	at org.onehippo.repository.xml.DefaultContentHandler.parse(DefaultContentHandler.java:78)
	at org.hippoecm.repository.jackrabbit.XASessionImpl.importEnhancedSystemViewXML(XASessionImpl.java:216)
	at org.hippoecm.repository.impl.SessionDecorator.importEnhancedSystemViewXML(SessionDecorator.java:207)
	at org.hippoecm.frontend.plugins.console.menu.content.ContentImportDialog.onOk(ContentImportDialog.java:209)
	at org.hippoecm.frontend.dialog.AbstractDialog.handleSubmit(AbstractDialog.java:535)
	at org.hippoecm.frontend.dialog.AbstractDialog$2.onSubmit(AbstractDialog.java:286)
	at org.hippoecm.frontend.dialog.ButtonWrapper$2.onSubmit(ButtonWrapper.java:101)
	at org.apache.wicket.markup.html.form.Form.delegateSubmit(Form.java:1288)
	at org.hippoecm.frontend.dialog.AbstractDialog.delegateSubmit(AbstractDialog.java:543)
	at org.apache.wicket.markup.html.form.Form.process(Form.java:952)
	at org.hippoecm.frontend.dialog.AbstractDialog.process(AbstractDialog.java:668)
	at org.apache.wicket.markup.html.form.Form.onFormSubmitted(Form.java:784)
	at org.apache.wicket.markup.html.form.Form.onFormSubmitted(Form.java:717)
	at sun.reflect.NativeMethodAccessorImpl.invoke0(Native Method)
	at sun.reflect.NativeMethodAccessorImpl.invoke(NativeMethodAccessorImpl.java:62)
	at sun.reflect.DelegatingMethodAccessorImpl.invoke(DelegatingMethodAccessorImpl.java:43)
	at java.lang.reflect.Method.invoke(Method.java:497)
	at org.apache.wicket.RequestListenerInterface.internalInvoke(RequestListenerInterface.java:258)
	at org.apache.wicket.RequestListenerInterface.invoke(RequestListenerInterface.java:216)
	at org.apache.wicket.core.request.handler.ListenerInterfaceRequestHandler.invokeListener(ListenerInterfaceRequestHandler.java:243)
	at org.apache.wicket.core.request.handler.ListenerInterfaceRequestHandler.respond(ListenerInterfaceRequestHandler.java:236)
	at org.apache.wicket.request.cycle.RequestCycle$HandlerExecutor.respond(RequestCycle.java:890)
	at org.apache.wicket.request.RequestHandlerStack.execute(RequestHandlerStack.java:64)
	at org.apache.wicket.request.cycle.RequestCycle.execute(RequestCycle.java:261)
	at org.apache.wicket.request.cycle.RequestCycle.processRequest(RequestCycle.java:218)
	at org.apache.wicket.request.cycle.RequestCycle.processRequestAndDetach(RequestCycle.java:289)
	at org.apache.wicket.protocol.http.WicketFilter.processRequestCycle(WicketFilter.java:259)
	at org.apache.wicket.protocol.http.WicketFilter.processRequest(WicketFilter.java:201)
	at org.apache.wicket.protocol.http.WicketFilter.doFilter(WicketFilter.java:282)
	at org.apache.catalina.core.ApplicationFilterChain.internalDoFilter(ApplicationFilterChain.java:239)
	at org.apache.catalina.core.ApplicationFilterChain.doFilter(ApplicationFilterChain.java:206)
	at org.apache.wicket.protocol.http.WicketFilter.processRequestCycle(WicketFilter.java:263)
	at org.apache.wicket.protocol.http.WicketFilter.processRequest(WicketFilter.java:201)
	at org.apache.wicket.protocol.http.WicketFilter.doFilter(WicketFilter.java:282)
	at org.apache.catalina.core.ApplicationFilterChain.internalDoFilter(ApplicationFilterChain.java:239)
	at org.apache.catalina.core.ApplicationFilterChain.doFilter(ApplicationFilterChain.java:206)
	at org.hippoecm.frontend.plugins.login.ConcurrentLoginFilter.doFilter(ConcurrentLoginFilter.java:54)
	at org.apache.catalina.core.ApplicationFilterChain.internalDoFilter(ApplicationFilterChain.java:239)
	at org.apache.catalina.core.ApplicationFilterChain.doFilter(ApplicationFilterChain.java:206)
	at org.apache.catalina.core.StandardWrapperValve.invoke(StandardWrapperValve.java:219)
	at org.apache.catalina.core.StandardContextValve.invoke(StandardContextValve.java:106)
	at org.apache.catalina.authenticator.AuthenticatorBase.invoke(AuthenticatorBase.java:502)
	at org.apache.catalina.core.StandardHostValve.invoke(StandardHostValve.java:142)
	at org.apache.catalina.valves.ErrorReportValve.invoke(ErrorReportValve.java:79)
	at org.apache.catalina.valves.AbstractAccessLogValve.invoke(AbstractAccessLogValve.java:610)
	at org.apache.catalina.core.StandardEngineValve.invoke(StandardEngineValve.java:88)
	at org.apache.catalina.connector.CoyoteAdapter.service(CoyoteAdapter.java:518)
	at org.apache.coyote.http11.AbstractHttp11Processor.process(AbstractHttp11Processor.java:1091)
	at org.apache.coyote.AbstractProtocol$AbstractConnectionHandler.process(AbstractProtocol.java:668)
	at org.apache.coyote.http11.Http11NioProtocol$Http11ConnectionHandler.process(Http11NioProtocol.java:223)
	at org.apache.tomcat.util.net.NioEndpoint$SocketProcessor.doRun(NioEndpoint.java:1517)
	at org.apache.tomcat.util.net.NioEndpoint$SocketProcessor.run(NioEndpoint.java:1474)
	at java.util.concurrent.ThreadPoolExecutor.runWorker(ThreadPoolExecutor.java:1142)
	at java.util.concurrent.ThreadPoolExecutor$Worker.run(ThreadPoolExecutor.java:617)
	at org.apache.tomcat.util.threads.TaskThread$WrappingRunnable.run(TaskThread.java:61)
	at java.lang.Thread.run(Thread.java:745)
Caused by: javax.jcr.NamespaceException: amhippoproject: is not a registered namespace prefix.
	at org.apache.jackrabbit.core.NamespaceRegistryImpl.getURI(NamespaceRegistryImpl.java:478)
	at org.apache.jackrabbit.core.session.SessionContext$PermissionAwareNamespaceRegistry.getURI(SessionContext.java:392)
	at org.hippoecm.repository.jackrabbit.SessionImplHelper.getNamespaceURI(SessionImplHelper.java:182)
	at org.hippoecm.repository.jackrabbit.XASessionImpl.getNamespaceURI(XASessionImpl.java:191)
	at org.apache.jackrabbit.core.SessionImpl.getURI(SessionImpl.java:627)
	at org.apache.jackrabbit.spi.commons.conversion.NameParser.parse(NameParser.java:187)
	at org.apache.jackrabbit.spi.commons.conversion.ParsingNameResolver.getQName(ParsingNameResolver.java:64)
	at org.apache.jackrabbit.spi.commons.conversion.CachingNameResolver.getQName(CachingNameResolver.java:76)
	at org.hippoecm.repository.jackrabbit.HippoNamePathResolver.getQName(HippoNamePathResolver.java:53)
	at org.apache.jackrabbit.core.SessionImpl.getQName(SessionImpl.java:642)
	at org.onehippo.repository.xml.EnhancedSystemViewImportHandler$Property.setPrimaryType(EnhancedSystemViewImportHandler.java:422)
	... 71 more
15.07.2015 23:14:47 ERROR http-nio-8080-exec-9 [DefaultExceptionMapper.mapUnexpectedExceptions:170] Unexpected error occurred
org.apache.wicket.WicketRuntimeException: Exception in rendering component: [Component id = nodeIcon]
	at org.apache.wicket.Component.internalRenderComponent(Component.java:2560)
	at org.apache.wicket.markup.html.WebComponent.onRender(WebComponent.java:56)
	at org.apache.wicket.Component.internalRender(Component.java:2366)
	at org.apache.wicket.Component.render(Component.java:2294)
	at org.apache.wicket.MarkupContainer.renderNext(MarkupContainer.java:1392)
	at org.apache.wicket.MarkupContainer.renderAll(MarkupContainer.java:1557)
	at org.apache.wicket.MarkupContainer.renderComponentTagBody(MarkupContainer.java:1532)
	at org.apache.wicket.MarkupContainer.onComponentTagBody(MarkupContainer.java:1487)
	at org.apache.wicket.markup.html.form.Form.onComponentTagBody(Form.java:1724)
	at org.apache.wicket.markup.html.panel.DefaultMarkupSourcingStrategy.onComponentTagBody(DefaultMarkupSourcingStrategy.java:71)
	at org.apache.wicket.Component.internalRenderComponent(Component.java:2536)
	at org.apache.wicket.MarkupContainer.onRender(MarkupContainer.java:1496)
	at org.apache.wicket.Component.internalRender(Component.java:2366)
	at org.apache.wicket.Component.render(Component.java:2294)
	at org.apache.wicket.MarkupContainer.renderNext(MarkupContainer.java:1392)
	at org.apache.wicket.MarkupContainer.renderAll(MarkupContainer.java:1557)
	at org.apache.wicket.MarkupContainer.renderComponentTagBody(MarkupContainer.java:1532)
	at org.apache.wicket.MarkupContainer.renderAssociatedMarkup(MarkupContainer.java:689)
	at org.apache.wicket.markup.html.panel.AssociatedMarkupSourcingStrategy.renderAssociatedMarkup(AssociatedMarkupSourcingStrategy.java:76)
	at org.apache.wicket.markup.html.panel.PanelMarkupSourcingStrategy.onComponentTagBody(PanelMarkupSourcingStrategy.java:112)
	at org.apache.wicket.Component.internalRenderComponent(Component.java:2536)
	at org.apache.wicket.MarkupContainer.onRender(MarkupContainer.java:1496)
	at org.apache.wicket.Component.internalRender(Component.java:2366)
	at org.apache.wicket.Component.render(Component.java:2294)
	at org.apache.wicket.ajax.XmlAjaxResponse.writeComponent(XmlAjaxResponse.java:128)
	at org.apache.wicket.ajax.AbstractAjaxResponse.writeComponents(AbstractAjaxResponse.java:218)
	at org.apache.wicket.ajax.AbstractAjaxResponse.writeTo(AbstractAjaxResponse.java:150)
	at org.apache.wicket.ajax.AjaxRequestHandler.respond(AjaxRequestHandler.java:359)
	at org.hippoecm.frontend.PluginRequestTarget.respond(PluginRequestTarget.java:150)
	at org.apache.wicket.request.cycle.RequestCycle$HandlerExecutor.respond(RequestCycle.java:890)
	at org.apache.wicket.request.RequestHandlerStack.execute(RequestHandlerStack.java:64)
	at org.apache.wicket.request.RequestHandlerStack.execute(RequestHandlerStack.java:97)
	at org.apache.wicket.request.cycle.RequestCycle.execute(RequestCycle.java:261)
	at org.apache.wicket.request.cycle.RequestCycle.processRequest(RequestCycle.java:218)
	at org.apache.wicket.request.cycle.RequestCycle.processRequestAndDetach(RequestCycle.java:289)
	at org.apache.wicket.protocol.http.WicketFilter.processRequestCycle(WicketFilter.java:259)
	at org.apache.wicket.protocol.http.WicketFilter.processRequest(WicketFilter.java:201)
	at org.apache.wicket.protocol.http.WicketFilter.doFilter(WicketFilter.java:282)
	at org.apache.catalina.core.ApplicationFilterChain.internalDoFilter(ApplicationFilterChain.java:239)
	at org.apache.catalina.core.ApplicationFilterChain.doFilter(ApplicationFilterChain.java:206)
	at org.apache.wicket.protocol.http.WicketFilter.processRequestCycle(WicketFilter.java:263)
	at org.apache.wicket.protocol.http.WicketFilter.processRequest(WicketFilter.java:201)
	at org.apache.wicket.protocol.http.WicketFilter.doFilter(WicketFilter.java:282)
	at org.apache.catalina.core.ApplicationFilterChain.internalDoFilter(ApplicationFilterChain.java:239)
	at org.apache.catalina.core.ApplicationFilterChain.doFilter(ApplicationFilterChain.java:206)
	at org.hippoecm.frontend.plugins.login.ConcurrentLoginFilter.doFilter(ConcurrentLoginFilter.java:54)
	at org.apache.catalina.core.ApplicationFilterChain.internalDoFilter(ApplicationFilterChain.java:239)
	at org.apache.catalina.core.ApplicationFilterChain.doFilter(ApplicationFilterChain.java:206)
	at org.apache.catalina.core.StandardWrapperValve.invoke(StandardWrapperValve.java:219)
	at org.apache.catalina.core.StandardContextValve.invoke(StandardContextValve.java:106)
	at org.apache.catalina.authenticator.AuthenticatorBase.invoke(AuthenticatorBase.java:502)
	at org.apache.catalina.core.StandardHostValve.invoke(StandardHostValve.java:142)
	at org.apache.catalina.valves.ErrorReportValve.invoke(ErrorReportValve.java:79)
	at org.apache.catalina.valves.AbstractAccessLogValve.invoke(AbstractAccessLogValve.java:610)
	at org.apache.catalina.core.StandardEngineValve.invoke(StandardEngineValve.java:88)
	at org.apache.catalina.connector.CoyoteAdapter.service(CoyoteAdapter.java:518)
	at org.apache.coyote.http11.AbstractHttp11Processor.process(AbstractHttp11Processor.java:1091)
	at org.apache.coyote.AbstractProtocol$AbstractConnectionHandler.process(AbstractProtocol.java:668)
	at org.apache.coyote.http11.Http11NioProtocol$Http11ConnectionHandler.process(Http11NioProtocol.java:223)
	at org.apache.tomcat.util.net.NioEndpoint$SocketProcessor.doRun(NioEndpoint.java:1517)
	at org.apache.tomcat.util.net.NioEndpoint$SocketProcessor.run(NioEndpoint.java:1474)
	at java.util.concurrent.ThreadPoolExecutor.runWorker(ThreadPoolExecutor.java:1142)
	at java.util.concurrent.ThreadPoolExecutor$Worker.run(ThreadPoolExecutor.java:617)
	at org.apache.tomcat.util.threads.TaskThread$WrappingRunnable.run(TaskThread.java:61)
	at java.lang.Thread.run(Thread.java:745)
Caused by: java.lang.NullPointerException
	at org.hippoecm.frontend.plugins.console.icons.JcrNodeIcon.isNodeType(JcrNodeIcon.java:237)
	at org.hippoecm.frontend.plugins.console.icons.JcrNodeIcon.getIconTypeCssClass(JcrNodeIcon.java:163)
	at org.hippoecm.frontend.plugins.console.icons.JcrNodeIcon.getIconCssClass(JcrNodeIcon.java:150)
	at org.hippoecm.frontend.plugins.console.editor.NodeEditor$1.load(NodeEditor.java:80)
	at org.hippoecm.frontend.plugins.console.editor.NodeEditor$1.load(NodeEditor.java:77)
	at org.apache.wicket.model.LoadableDetachableModel.getObject(LoadableDetachableModel.java:124)
	at org.apache.wicket.AttributeModifier.getReplacementOrNull(AttributeModifier.java:226)
	at org.apache.wicket.AttributeModifier.replaceAttributeValue(AttributeModifier.java:182)
	at org.apache.wicket.AttributeModifier.onComponentTag(AttributeModifier.java:164)
	at org.apache.wicket.Component.renderComponentTag(Component.java:3959)
	at org.apache.wicket.Component.internalRenderComponent(Component.java:2527)
	... 64 more
15.07.2015 23:14:53 ERROR http-nio-8080-exec-6 [DefaultExceptionMapper.mapUnexpectedExceptions:170] Unexpected error occurred
org.apache.wicket.WicketRuntimeException: Exception in rendering component: [Component id = nodeIcon]
	at org.apache.wicket.Component.internalRenderComponent(Component.java:2560)
	at org.apache.wicket.markup.html.WebComponent.onRender(WebComponent.java:56)
	at org.apache.wicket.Component.internalRender(Component.java:2366)
	at org.apache.wicket.Component.render(Component.java:2294)
	at org.apache.wicket.MarkupContainer.renderNext(MarkupContainer.java:1392)
	at org.apache.wicket.MarkupContainer.renderAll(MarkupContainer.java:1557)
	at org.apache.wicket.MarkupContainer.renderComponentTagBody(MarkupContainer.java:1532)
	at org.apache.wicket.MarkupContainer.onComponentTagBody(MarkupContainer.java:1487)
	at org.apache.wicket.markup.html.form.Form.onComponentTagBody(Form.java:1724)
	at org.apache.wicket.markup.html.panel.DefaultMarkupSourcingStrategy.onComponentTagBody(DefaultMarkupSourcingStrategy.java:71)
	at org.apache.wicket.Component.internalRenderComponent(Component.java:2536)
	at org.apache.wicket.MarkupContainer.onRender(MarkupContainer.java:1496)
	at org.apache.wicket.Component.internalRender(Component.java:2366)
	at org.apache.wicket.Component.render(Component.java:2294)
	at org.apache.wicket.MarkupContainer.renderNext(MarkupContainer.java:1392)
	at org.apache.wicket.MarkupContainer.renderAll(MarkupContainer.java:1557)
	at org.apache.wicket.MarkupContainer.renderComponentTagBody(MarkupContainer.java:1532)
	at org.apache.wicket.MarkupContainer.renderAssociatedMarkup(MarkupContainer.java:689)
	at org.apache.wicket.markup.html.panel.AssociatedMarkupSourcingStrategy.renderAssociatedMarkup(AssociatedMarkupSourcingStrategy.java:76)
	at org.apache.wicket.markup.html.panel.PanelMarkupSourcingStrategy.onComponentTagBody(PanelMarkupSourcingStrategy.java:112)
	at org.apache.wicket.Component.internalRenderComponent(Component.java:2536)
	at org.apache.wicket.MarkupContainer.onRender(MarkupContainer.java:1496)
	at org.apache.wicket.Component.internalRender(Component.java:2366)
	at org.apache.wicket.Component.render(Component.java:2294)
	at org.apache.wicket.ajax.XmlAjaxResponse.writeComponent(XmlAjaxResponse.java:128)
	at org.apache.wicket.ajax.AbstractAjaxResponse.writeComponents(AbstractAjaxResponse.java:218)
	at org.apache.wicket.ajax.AbstractAjaxResponse.writeTo(AbstractAjaxResponse.java:150)
	at org.apache.wicket.ajax.AjaxRequestHandler.respond(AjaxRequestHandler.java:359)
	at org.hippoecm.frontend.PluginRequestTarget.respond(PluginRequestTarget.java:150)
	at org.apache.wicket.request.cycle.RequestCycle$HandlerExecutor.respond(RequestCycle.java:890)
	at org.apache.wicket.request.RequestHandlerStack.execute(RequestHandlerStack.java:64)
	at org.apache.wicket.request.RequestHandlerStack.execute(RequestHandlerStack.java:97)
	at org.apache.wicket.request.cycle.RequestCycle.execute(RequestCycle.java:261)
	at org.apache.wicket.request.cycle.RequestCycle.processRequest(RequestCycle.java:218)
	at org.apache.wicket.request.cycle.RequestCycle.processRequestAndDetach(RequestCycle.java:289)
	at org.apache.wicket.protocol.http.WicketFilter.processRequestCycle(WicketFilter.java:259)
	at org.apache.wicket.protocol.http.WicketFilter.processRequest(WicketFilter.java:201)
	at org.apache.wicket.protocol.http.WicketFilter.doFilter(WicketFilter.java:282)
	at org.apache.catalina.core.ApplicationFilterChain.internalDoFilter(ApplicationFilterChain.java:239)
	at org.apache.catalina.core.ApplicationFilterChain.doFilter(ApplicationFilterChain.java:206)
	at org.apache.wicket.protocol.http.WicketFilter.processRequestCycle(WicketFilter.java:263)
	at org.apache.wicket.protocol.http.WicketFilter.processRequest(WicketFilter.java:201)
	at org.apache.wicket.protocol.http.WicketFilter.doFilter(WicketFilter.java:282)
	at org.apache.catalina.core.ApplicationFilterChain.internalDoFilter(ApplicationFilterChain.java:239)
	at org.apache.catalina.core.ApplicationFilterChain.doFilter(ApplicationFilterChain.java:206)
	at org.hippoecm.frontend.plugins.login.ConcurrentLoginFilter.doFilter(ConcurrentLoginFilter.java:54)
	at org.apache.catalina.core.ApplicationFilterChain.internalDoFilter(ApplicationFilterChain.java:239)
	at org.apache.catalina.core.ApplicationFilterChain.doFilter(ApplicationFilterChain.java:206)
	at org.apache.catalina.core.StandardWrapperValve.invoke(StandardWrapperValve.java:219)
	at org.apache.catalina.core.StandardContextValve.invoke(StandardContextValve.java:106)
	at org.apache.catalina.authenticator.AuthenticatorBase.invoke(AuthenticatorBase.java:502)
	at org.apache.catalina.core.StandardHostValve.invoke(StandardHostValve.java:142)
	at org.apache.catalina.valves.ErrorReportValve.invoke(ErrorReportValve.java:79)
	at org.apache.catalina.valves.AbstractAccessLogValve.invoke(AbstractAccessLogValve.java:610)
	at org.apache.catalina.core.StandardEngineValve.invoke(StandardEngineValve.java:88)
	at org.apache.catalina.connector.CoyoteAdapter.service(CoyoteAdapter.java:518)
	at org.apache.coyote.http11.AbstractHttp11Processor.process(AbstractHttp11Processor.java:1091)
	at org.apache.coyote.AbstractProtocol$AbstractConnectionHandler.process(AbstractProtocol.java:668)
	at org.apache.coyote.http11.Http11NioProtocol$Http11ConnectionHandler.process(Http11NioProtocol.java:223)
	at org.apache.tomcat.util.net.NioEndpoint$SocketProcessor.doRun(NioEndpoint.java:1517)
	at org.apache.tomcat.util.net.NioEndpoint$SocketProcessor.run(NioEndpoint.java:1474)
	at java.util.concurrent.ThreadPoolExecutor.runWorker(ThreadPoolExecutor.java:1142)
	at java.util.concurrent.ThreadPoolExecutor$Worker.run(ThreadPoolExecutor.java:617)
	at org.apache.tomcat.util.threads.TaskThread$WrappingRunnable.run(TaskThread.java:61)
	at java.lang.Thread.run(Thread.java:745)
Caused by: java.lang.NullPointerException
	at org.hippoecm.frontend.plugins.console.icons.JcrNodeIcon.isNodeType(JcrNodeIcon.java:237)
	at org.hippoecm.frontend.plugins.console.icons.JcrNodeIcon.getIconTypeCssClass(JcrNodeIcon.java:163)
	at org.hippoecm.frontend.plugins.console.icons.JcrNodeIcon.getIconCssClass(JcrNodeIcon.java:150)
	at org.hippoecm.frontend.plugins.console.editor.NodeEditor$1.load(NodeEditor.java:80)
	at org.hippoecm.frontend.plugins.console.editor.NodeEditor$1.load(NodeEditor.java:77)
	at org.apache.wicket.model.LoadableDetachableModel.getObject(LoadableDetachableModel.java:124)
	at org.apache.wicket.AttributeModifier.getReplacementOrNull(AttributeModifier.java:226)
	at org.apache.wicket.AttributeModifier.replaceAttributeValue(AttributeModifier.java:182)
	at org.apache.wicket.AttributeModifier.onComponentTag(AttributeModifier.java:164)
	at org.apache.wicket.Component.renderComponentTag(Component.java:3959)
	at org.apache.wicket.Component.internalRenderComponent(Component.java:2527)
	... 64 more
15.07.2015 23:15:05 ERROR http-nio-8080-exec-9 [DefaultExceptionMapper.mapUnexpectedExceptions:170] Unexpected error occurred
org.apache.wicket.WicketRuntimeException: Exception in rendering component: [Component id = nodeIcon]
	at org.apache.wicket.Component.internalRenderComponent(Component.java:2560)
	at org.apache.wicket.markup.html.WebComponent.onRender(WebComponent.java:56)
	at org.apache.wicket.Component.internalRender(Component.java:2366)
	at org.apache.wicket.Component.render(Component.java:2294)
	at org.apache.wicket.MarkupContainer.renderNext(MarkupContainer.java:1392)
	at org.apache.wicket.MarkupContainer.renderAll(MarkupContainer.java:1557)
	at org.apache.wicket.MarkupContainer.renderComponentTagBody(MarkupContainer.java:1532)
	at org.apache.wicket.MarkupContainer.onComponentTagBody(MarkupContainer.java:1487)
	at org.apache.wicket.markup.html.form.Form.onComponentTagBody(Form.java:1724)
	at org.apache.wicket.markup.html.panel.DefaultMarkupSourcingStrategy.onComponentTagBody(DefaultMarkupSourcingStrategy.java:71)
	at org.apache.wicket.Component.internalRenderComponent(Component.java:2536)
	at org.apache.wicket.MarkupContainer.onRender(MarkupContainer.java:1496)
	at org.apache.wicket.Component.internalRender(Component.java:2366)
	at org.apache.wicket.Component.render(Component.java:2294)
	at org.apache.wicket.MarkupContainer.renderNext(MarkupContainer.java:1392)
	at org.apache.wicket.MarkupContainer.renderAll(MarkupContainer.java:1557)
	at org.apache.wicket.MarkupContainer.renderComponentTagBody(MarkupContainer.java:1532)
	at org.apache.wicket.MarkupContainer.renderAssociatedMarkup(MarkupContainer.java:689)
	at org.apache.wicket.markup.html.panel.AssociatedMarkupSourcingStrategy.renderAssociatedMarkup(AssociatedMarkupSourcingStrategy.java:76)
	at org.apache.wicket.markup.html.panel.PanelMarkupSourcingStrategy.onComponentTagBody(PanelMarkupSourcingStrategy.java:112)
	at org.apache.wicket.Component.internalRenderComponent(Component.java:2536)
	at org.apache.wicket.MarkupContainer.onRender(MarkupContainer.java:1496)
	at org.apache.wicket.Component.internalRender(Component.java:2366)
	at org.apache.wicket.Component.render(Component.java:2294)
	at org.apache.wicket.ajax.XmlAjaxResponse.writeComponent(XmlAjaxResponse.java:128)
	at org.apache.wicket.ajax.AbstractAjaxResponse.writeComponents(AbstractAjaxResponse.java:218)
	at org.apache.wicket.ajax.AbstractAjaxResponse.writeTo(AbstractAjaxResponse.java:150)
	at org.apache.wicket.ajax.AjaxRequestHandler.respond(AjaxRequestHandler.java:359)
	at org.hippoecm.frontend.PluginRequestTarget.respond(PluginRequestTarget.java:150)
	at org.apache.wicket.request.cycle.RequestCycle$HandlerExecutor.respond(RequestCycle.java:890)
	at org.apache.wicket.request.RequestHandlerStack.execute(RequestHandlerStack.java:64)
	at org.apache.wicket.request.RequestHandlerStack.execute(RequestHandlerStack.java:97)
	at org.apache.wicket.request.cycle.RequestCycle.execute(RequestCycle.java:261)
	at org.apache.wicket.request.cycle.RequestCycle.processRequest(RequestCycle.java:218)
	at org.apache.wicket.request.cycle.RequestCycle.processRequestAndDetach(RequestCycle.java:289)
	at org.apache.wicket.protocol.http.WicketFilter.processRequestCycle(WicketFilter.java:259)
	at org.apache.wicket.protocol.http.WicketFilter.processRequest(WicketFilter.java:201)
	at org.apache.wicket.protocol.http.WicketFilter.doFilter(WicketFilter.java:282)
	at org.apache.catalina.core.ApplicationFilterChain.internalDoFilter(ApplicationFilterChain.java:239)
	at org.apache.catalina.core.ApplicationFilterChain.doFilter(ApplicationFilterChain.java:206)
	at org.apache.wicket.protocol.http.WicketFilter.processRequestCycle(WicketFilter.java:263)
	at org.apache.wicket.protocol.http.WicketFilter.processRequest(WicketFilter.java:201)
	at org.apache.wicket.protocol.http.WicketFilter.doFilter(WicketFilter.java:282)
	at org.apache.catalina.core.ApplicationFilterChain.internalDoFilter(ApplicationFilterChain.java:239)
	at org.apache.catalina.core.ApplicationFilterChain.doFilter(ApplicationFilterChain.java:206)
	at org.hippoecm.frontend.plugins.login.ConcurrentLoginFilter.doFilter(ConcurrentLoginFilter.java:54)
	at org.apache.catalina.core.ApplicationFilterChain.internalDoFilter(ApplicationFilterChain.java:239)
	at org.apache.catalina.core.ApplicationFilterChain.doFilter(ApplicationFilterChain.java:206)
	at org.apache.catalina.core.StandardWrapperValve.invoke(StandardWrapperValve.java:219)
	at org.apache.catalina.core.StandardContextValve.invoke(StandardContextValve.java:106)
	at org.apache.catalina.authenticator.AuthenticatorBase.invoke(AuthenticatorBase.java:502)
	at org.apache.catalina.core.StandardHostValve.invoke(StandardHostValve.java:142)
	at org.apache.catalina.valves.ErrorReportValve.invoke(ErrorReportValve.java:79)
	at org.apache.catalina.valves.AbstractAccessLogValve.invoke(AbstractAccessLogValve.java:610)
	at org.apache.catalina.core.StandardEngineValve.invoke(StandardEngineValve.java:88)
	at org.apache.catalina.connector.CoyoteAdapter.service(CoyoteAdapter.java:518)
	at org.apache.coyote.http11.AbstractHttp11Processor.process(AbstractHttp11Processor.java:1091)
	at org.apache.coyote.AbstractProtocol$AbstractConnectionHandler.process(AbstractProtocol.java:668)
	at org.apache.coyote.http11.Http11NioProtocol$Http11ConnectionHandler.process(Http11NioProtocol.java:223)
	at org.apache.tomcat.util.net.NioEndpoint$SocketProcessor.doRun(NioEndpoint.java:1517)
	at org.apache.tomcat.util.net.NioEndpoint$SocketProcessor.run(NioEndpoint.java:1474)
	at java.util.concurrent.ThreadPoolExecutor.runWorker(ThreadPoolExecutor.java:1142)
	at java.util.concurrent.ThreadPoolExecutor$Worker.run(ThreadPoolExecutor.java:617)
	at org.apache.tomcat.util.threads.TaskThread$WrappingRunnable.run(TaskThread.java:61)
	at java.lang.Thread.run(Thread.java:745)
Caused by: java.lang.NullPointerException
	at org.hippoecm.frontend.plugins.console.icons.JcrNodeIcon.isNodeType(JcrNodeIcon.java:237)
	at org.hippoecm.frontend.plugins.console.icons.JcrNodeIcon.getIconTypeCssClass(JcrNodeIcon.java:163)
	at org.hippoecm.frontend.plugins.console.icons.JcrNodeIcon.getIconCssClass(JcrNodeIcon.java:150)
	at org.hippoecm.frontend.plugins.console.editor.NodeEditor$1.load(NodeEditor.java:80)
	at org.hippoecm.frontend.plugins.console.editor.NodeEditor$1.load(NodeEditor.java:77)
	at org.apache.wicket.model.LoadableDetachableModel.getObject(LoadableDetachableModel.java:124)
	at org.apache.wicket.AttributeModifier.getReplacementOrNull(AttributeModifier.java:226)
	at org.apache.wicket.AttributeModifier.replaceAttributeValue(AttributeModifier.java:182)
	at org.apache.wicket.AttributeModifier.onComponentTag(AttributeModifier.java:164)
	at org.apache.wicket.Component.renderComponentTag(Component.java:3959)
	at org.apache.wicket.Component.internalRenderComponent(Component.java:2527)
	... 64 more
