12-Jul-2015 00:10:51.936 INFO [localhost-startStop-1] org.apache.catalina.core.ApplicationContext.log No Spring WebApplicationInitializer types detected on classpath
12-Jul-2015 00:10:51.966 INFO [localhost-startStop-1] org.apache.catalina.core.ApplicationContext.log Initializing Spring root WebApplicationContext
12-Jul-2015 00:10:59.885 INFO [localhost-startStop-1] org.apache.catalina.core.ApplicationContext.log No Spring WebApplicationInitializer types detected on classpath
12-Jul-2015 00:12:15.757 INFO [http-nio-8080-exec-11] org.apache.catalina.core.ApplicationContext.log No Spring WebApplicationInitializer types detected on classpath
12-Jul-2015 00:12:20.924 INFO [http-nio-8080-exec-2] org.apache.catalina.core.ApplicationContext.log Closing Spring root WebApplicationContext
12-Jul-2015 00:12:30.326 INFO [http-nio-8080-exec-11] org.apache.catalina.core.ApplicationContext.log No Spring WebApplicationInitializer types detected on classpath
12-Jul-2015 00:12:30.346 INFO [http-nio-8080-exec-11] org.apache.catalina.core.ApplicationContext.log Initializing Spring root WebApplicationContext
12-Jul-2015 00:21:55.464 INFO [http-nio-8080-exec-18] org.apache.catalina.core.ApplicationContext.log No Spring WebApplicationInitializer types detected on classpath
12-Jul-2015 00:22:01.389 INFO [http-nio-8080-exec-25] org.apache.catalina.core.ApplicationContext.log Closing Spring root WebApplicationContext
12-Jul-2015 00:22:13.894 INFO [http-nio-8080-exec-26] org.apache.catalina.core.ApplicationContext.log No Spring WebApplicationInitializer types detected on classpath
12-Jul-2015 00:22:13.934 INFO [http-nio-8080-exec-26] org.apache.catalina.core.ApplicationContext.log Initializing Spring root WebApplicationContext
12-Jul-2015 00:32:09.575 INFO [http-nio-8080-exec-36] org.apache.catalina.core.ApplicationContext.log No Spring WebApplicationInitializer types detected on classpath
12-Jul-2015 00:32:15.773 INFO [http-nio-8080-exec-37] org.apache.catalina.core.ApplicationContext.log Closing Spring root WebApplicationContext
12-Jul-2015 00:32:26.959 INFO [http-nio-8080-exec-34] org.apache.catalina.core.ApplicationContext.log No Spring WebApplicationInitializer types detected on classpath
12-Jul-2015 00:32:26.971 INFO [http-nio-8080-exec-34] org.apache.catalina.core.ApplicationContext.log Initializing Spring root WebApplicationContext
12-Jul-2015 08:53:59.104 INFO [http-nio-8080-exec-53] org.apache.catalina.core.ApplicationContext.log No Spring WebApplicationInitializer types detected on classpath
12-Jul-2015 08:54:05.154 INFO [http-nio-8080-exec-46] org.apache.catalina.core.ApplicationContext.log Closing Spring root WebApplicationContext
12-Jul-2015 08:54:18.006 INFO [http-nio-8080-exec-57] org.apache.catalina.core.ApplicationContext.log No Spring WebApplicationInitializer types detected on classpath
12-Jul-2015 08:54:18.024 INFO [http-nio-8080-exec-57] org.apache.catalina.core.ApplicationContext.log Initializing Spring root WebApplicationContext
12-Jul-2015 09:00:32.297 INFO [http-nio-8080-exec-64] org.apache.catalina.core.ApplicationContext.log No Spring WebApplicationInitializer types detected on classpath
12-Jul-2015 09:00:38.812 INFO [http-nio-8080-exec-59] org.apache.catalina.core.ApplicationContext.log Closing Spring root WebApplicationContext
12-Jul-2015 09:00:50.073 INFO [http-nio-8080-exec-67] org.apache.catalina.core.ApplicationContext.log No Spring WebApplicationInitializer types detected on classpath
12-Jul-2015 09:00:50.225 INFO [http-nio-8080-exec-67] org.apache.catalina.core.ApplicationContext.log Initializing Spring root WebApplicationContext
